<?xml version="1.0" encoding="UTF-8"?>
<testng-results total="1" passed="1" failed="0" skipped="0">
  <reporter-output>
  </reporter-output>
  <suite started-at="2024-01-20T17:18:28Z" name="test.com.FaceBookTest" finished-at="2024-01-20T17:18:32Z" duration-ms="4259">
    <groups>
    </groups>
    <test started-at="2024-01-20T17:18:28Z" name="Command line test" finished-at="2024-01-20T17:18:32Z" duration-ms="4259">
      <class name="test.com.FaceBookTest">
        <test-method is-config="true" signature="setUpClass()[pri:0, instance:test.com.FaceBookTest@5bb21b69]" started-at="2024-01-20T11:18:28Z" name="setUpClass" finished-at="2024-01-20T11:18:28Z" duration-ms="15" status="PASS">
          <reporter-output>
          </reporter-output>
        </test-method> <!-- setUpClass -->
        <test-method is-config="true" signature="setUpMethod()[pri:0, instance:test.com.FaceBookTest@5bb21b69]" started-at="2024-01-20T11:18:28Z" name="setUpMethod" finished-at="2024-01-20T11:18:29Z" duration-ms="1645" status="PASS">
          <reporter-output>
          </reporter-output>
        </test-method> <!-- setUpMethod -->
        <test-method signature="testFacebook()[pri:0, instance:test.com.FaceBookTest@5bb21b69]" started-at="2024-01-20T11:18:29Z" name="testFacebook" finished-at="2024-01-20T11:18:32Z" duration-ms="2452" status="PASS">
          <reporter-output>
          </reporter-output>
        </test-method> <!-- testFacebook -->
        <test-method is-config="true" signature="tearDownMethod()[pri:0, instance:test.com.FaceBookTest@5bb21b69]" started-at="2024-01-20T11:18:32Z" name="tearDownMethod" finished-at="2024-01-20T11:18:32Z" duration-ms="145" status="PASS">
          <reporter-output>
          </reporter-output>
        </test-method> <!-- tearDownMethod -->
        <test-method is-config="true" signature="tearDownClass()[pri:0, instance:test.com.FaceBookTest@5bb21b69]" started-at="2024-01-20T11:18:32Z" name="tearDownClass" finished-at="2024-01-20T11:18:32Z" duration-ms="0" status="PASS">
          <reporter-output>
          </reporter-output>
        </test-method> <!-- tearDownClass -->
      </class> <!-- test.com.FaceBookTest -->
    </test> <!-- Command line test -->
  </suite> <!-- test.com.FaceBookTest -->
</testng-results>
